{"synthetic": false,
 "schemaVersion": "2025-09-10",
 "outputs":
 {"o": ["df3890d26e846179.olean"],
  "i": "bd498c042184b1a6.ilean",
  "c": "36c51df3b5a54c57.c"},
 "log":
 [{"message":
   ".> LEAN_PATH=/home/poig/project/self-research/Quantum_AI/QLTO/Math_proof/BQP_NP_Lean/.lake/packages/Cli/.lake/build/lib/lean:/home/poig/project/self-research/Quantum_AI/QLTO/Math_proof/BQP_NP_Lean/.lake/packages/batteries/.lake/build/lib/lean:/home/poig/project/self-research/Quantum_AI/QLTO/Math_proof/BQP_NP_Lean/.lake/packages/Qq/.lake/build/lib/lean:/home/poig/project/self-research/Quantum_AI/QLTO/Math_proof/BQP_NP_Lean/.lake/packages/aesop/.lake/build/lib/lean:/home/poig/project/self-research/Quantum_AI/QLTO/Math_proof/BQP_NP_Lean/.lake/packages/proofwidgets/.lake/build/lib/lean:/home/poig/project/self-research/Quantum_AI/QLTO/Math_proof/BQP_NP_Lean/.lake/packages/importGraph/.lake/build/lib/lean:/home/poig/project/self-research/Quantum_AI/QLTO/Math_proof/BQP_NP_Lean/.lake/packages/LeanSearchClient/.lake/build/lib/lean:/home/poig/project/self-research/Quantum_AI/QLTO/Math_proof/BQP_NP_Lean/.lake/packages/plausible/.lake/build/lib/lean:/home/poig/project/self-research/Quantum_AI/QLTO/Math_proof/BQP_NP_Lean/.lake/packages/mathlib/.lake/build/lib/lean:/home/poig/project/self-research/Quantum_AI/QLTO/Math_proof/BQP_NP_Lean/.lake/build/lib/lean /home/poig/.elan/toolchains/leanprover--lean4---v4.27.0-rc1/bin/lean /home/poig/project/self-research/Quantum_AI/QLTO/Math_proof/BQP_NP_Lean/BQP_NP/Lemmas/CommutatorAvalanche.lean -o /home/poig/project/self-research/Quantum_AI/QLTO/Math_proof/BQP_NP_Lean/.lake/build/lib/lean/BQP_NP/Lemmas/CommutatorAvalanche.olean -i /home/poig/project/self-research/Quantum_AI/QLTO/Math_proof/BQP_NP_Lean/.lake/build/lib/lean/BQP_NP/Lemmas/CommutatorAvalanche.ilean -c /home/poig/project/self-research/Quantum_AI/QLTO/Math_proof/BQP_NP_Lean/.lake/build/ir/BQP_NP/Lemmas/CommutatorAvalanche.c --setup /home/poig/project/self-research/Quantum_AI/QLTO/Math_proof/BQP_NP_Lean/.lake/build/ir/BQP_NP/Lemmas/CommutatorAvalanche.setup.json --json",
   "level": "trace"},
  {"message":
   "BQP_NP/Lemmas/CommutatorAvalanche.lean:105:6: declaration uses 'sorry'",
   "level": "warning"},
  {"message":
   "BQP_NP/Lemmas/CommutatorAvalanche.lean:122:3: unused variable `h_noncommute`\n\nNote: This linter can be disabled with `set_option linter.unusedVariables false`",
   "level": "warning"}],
 "inputs":
 [["BQP_NP.Lemmas.CommutatorAvalanche:deps",
   [["deps",
     [["bqp_np/BQP_NP:extraDep", [["@bqp_np:extraDep", "00000000000006bb"]]],
      ["imports",
       [["BQP_NP.Basic.PauliOperators transitive imports (legacy)",
         "a499bac8cfaf0111"],
        ["BQP_NP.Basic.PauliOperators:importAllArts", "a06e6b2c97d71635"],
        ["BQP_NP.Basic.LieAlgebra transitive imports (legacy)",
         "80b4e35263e48d84"],
        ["BQP_NP.Basic.LieAlgebra:importAllArts", "e2005b5556dcd204"],
        ["Mathlib.Data.Finset.Card transitive imports (legacy)",
         "92a75409c2ce8e38"],
        ["Mathlib.Data.Finset.Card:importAllArts", "ec53a7b88106b8b6"]]]]],
    ["libs",
     [["import dynlibs", "00000000000006bb"],
      ["package external libraries", "00000000000006bb"],
      ["module dynlibs", "00000000000006bb"],
      ["module plugins", "00000000000006bb"]]]]],
  ["Lean 4.27.0, commit 2fcce7258eeb6e324366bc25f9058293b04b7547",
   "6f43b597efea5d4c"],
  ["/home/poig/project/self-research/Quantum_AI/QLTO/Math_proof/BQP_NP_Lean/BQP_NP/Lemmas/CommutatorAvalanche.lean",
   "3bc821d2af49627e"],
  ["options", "00000000000006bb"],
  ["Module.leanArgs: #[]", "00000000000006bb"]],
 "depHash": "5ae6325a6277a07c"}