{"synthetic": false,
 "schemaVersion": "2025-09-10",
 "outputs":
 {"o": ["65c3b74643a82589.olean"],
  "i": "7f50b56e9d9e1f8c.ilean",
  "c": "ab5dd67afd2cd72b.c"},
 "log":
 [{"message":
   ".> LEAN_PATH=/home/poig/project/self-research/Quantum_AI/QLTO/Math_proof/BQP_NP_Lean/.lake/packages/Cli/.lake/build/lib/lean:/home/poig/project/self-research/Quantum_AI/QLTO/Math_proof/BQP_NP_Lean/.lake/packages/batteries/.lake/build/lib/lean:/home/poig/project/self-research/Quantum_AI/QLTO/Math_proof/BQP_NP_Lean/.lake/packages/Qq/.lake/build/lib/lean:/home/poig/project/self-research/Quantum_AI/QLTO/Math_proof/BQP_NP_Lean/.lake/packages/aesop/.lake/build/lib/lean:/home/poig/project/self-research/Quantum_AI/QLTO/Math_proof/BQP_NP_Lean/.lake/packages/proofwidgets/.lake/build/lib/lean:/home/poig/project/self-research/Quantum_AI/QLTO/Math_proof/BQP_NP_Lean/.lake/packages/importGraph/.lake/build/lib/lean:/home/poig/project/self-research/Quantum_AI/QLTO/Math_proof/BQP_NP_Lean/.lake/packages/LeanSearchClient/.lake/build/lib/lean:/home/poig/project/self-research/Quantum_AI/QLTO/Math_proof/BQP_NP_Lean/.lake/packages/plausible/.lake/build/lib/lean:/home/poig/project/self-research/Quantum_AI/QLTO/Math_proof/BQP_NP_Lean/.lake/packages/mathlib/.lake/build/lib/lean:/home/poig/project/self-research/Quantum_AI/QLTO/Math_proof/BQP_NP_Lean/.lake/build/lib/lean /home/poig/.elan/toolchains/leanprover--lean4---v4.27.0-rc1/bin/lean /home/poig/project/self-research/Quantum_AI/QLTO/Math_proof/BQP_NP_Lean/BQP_NP/Basic/LieAlgebra.lean -o /home/poig/project/self-research/Quantum_AI/QLTO/Math_proof/BQP_NP_Lean/.lake/build/lib/lean/BQP_NP/Basic/LieAlgebra.olean -i /home/poig/project/self-research/Quantum_AI/QLTO/Math_proof/BQP_NP_Lean/.lake/build/lib/lean/BQP_NP/Basic/LieAlgebra.ilean -c /home/poig/project/self-research/Quantum_AI/QLTO/Math_proof/BQP_NP_Lean/.lake/build/ir/BQP_NP/Basic/LieAlgebra.c --setup /home/poig/project/self-research/Quantum_AI/QLTO/Math_proof/BQP_NP_Lean/.lake/build/ir/BQP_NP/Basic/LieAlgebra.setup.json --json",
   "level": "trace"},
  {"message": "BQP_NP/Basic/LieAlgebra.lean:219:18: declaration uses 'sorry'",
   "level": "warning"},
  {"message":
   "BQP_NP/Basic/LieAlgebra.lean:262:15: This simp argument is unused:\n  hermitianRealPart\n\nHint: Omit it from the simp argument list.\n  simp only [h̵e̵r̵m̵i̵t̵i̵a̵n̵R̵e̵a̵l̵P̵a̵r̵t̵,̵ ̵Matrix.of_apply, Matrix.conjTranspose_apply]\n\nNote: This linter can be disabled with `set_option linter.unusedSimpArgs false`",
   "level": "warning"},
  {"message":
   "BQP_NP/Basic/LieAlgebra.lean:262:34: This simp argument is unused:\n  Matrix.of_apply\n\nHint: Omit it from the simp argument list.\n  simp only [hermitianRealPart, Matrix.o̵f̵_̵a̵p̵p̵l̵y̵,̵ ̵M̵a̵t̵r̵i̵x̵.̵conjTranspose_apply]\n\nNote: This linter can be disabled with `set_option linter.unusedSimpArgs false`",
   "level": "warning"}],
 "inputs":
 [["BQP_NP.Basic.LieAlgebra:deps",
   [["deps",
     [["bqp_np/BQP_NP:extraDep", [["@bqp_np:extraDep", "00000000000006bb"]]],
      ["imports",
       [["Mathlib.Algebra.Lie.Subalgebra transitive imports (legacy)",
         "1e09a312c4018ede"],
        ["Mathlib.Algebra.Lie.Subalgebra:importAllArts", "84cb2c4dc77b2526"],
        ["Mathlib.Algebra.Lie.Basic transitive imports (legacy)",
         "d3bd0edb22ec4f72"],
        ["Mathlib.Algebra.Lie.Basic:importAllArts", "eaf475dd2697eea6"],
        ["Mathlib.Algebra.Lie.Matrix transitive imports (legacy)",
         "a4714133aca0e92c"],
        ["Mathlib.Algebra.Lie.Matrix:importAllArts", "efaba9deb6bcb982"],
        ["Mathlib.Algebra.Lie.TraceForm transitive imports (legacy)",
         "fd18585ba511723e"],
        ["Mathlib.Algebra.Lie.TraceForm:importAllArts", "1cddba42888bdcde"],
        ["Mathlib.LinearAlgebra.Matrix.Trace transitive imports (legacy)",
         "11df78f1c744043f"],
        ["Mathlib.LinearAlgebra.Matrix.Trace:importAllArts",
         "41848e31369d14de"],
        ["Mathlib.LinearAlgebra.Matrix.Hermitian transitive imports (legacy)",
         "0b9092ac81c0e264"],
        ["Mathlib.LinearAlgebra.Matrix.Hermitian:importAllArts",
         "8f6b86b23321ccd7"],
        ["Mathlib.LinearAlgebra.Matrix.Symmetric transitive imports (legacy)",
         "6f047c4aa4d89ba9"],
        ["Mathlib.LinearAlgebra.Matrix.Symmetric:importAllArts",
         "a113ec602f52e4e9"],
        ["Mathlib.LinearAlgebra.Dimension.Finrank transitive imports (legacy)",
         "b8bc3f36bd13d0aa"],
        ["Mathlib.LinearAlgebra.Dimension.Finrank:importAllArts",
         "a6550746b09be1f5"],
        ["Mathlib.Analysis.SpecialFunctions.Log.Basic transitive imports (legacy)",
         "c73ffc848f79f7db"],
        ["Mathlib.Analysis.SpecialFunctions.Log.Basic:importAllArts",
         "558d4238a3054c52"],
        ["Mathlib.Analysis.Matrix.Spectrum transitive imports (legacy)",
         "6cf4ad845dd244d5"],
        ["Mathlib.Analysis.Matrix.Spectrum:importAllArts", "559a595c7e6dd51f"],
        ["Mathlib.Analysis.InnerProductSpace.PiL2 transitive imports (legacy)",
         "264cee943639d1c0"],
        ["Mathlib.Analysis.InnerProductSpace.PiL2:importAllArts",
         "3872bb8606e1548b"],
        ["Mathlib.Analysis.InnerProductSpace.GramSchmidtOrtho transitive imports (legacy)",
         "ba8c89921188e199"],
        ["Mathlib.Analysis.InnerProductSpace.GramSchmidtOrtho:importAllArts",
         "18d8e4270ef2bc13"],
        ["BQP_NP.Complexity.ClassNP transitive imports (legacy)",
         "de96438b816325df"],
        ["BQP_NP.Complexity.ClassNP:importAllArts", "4e30bf7232855cc1"]]]]],
    ["libs",
     [["import dynlibs", "00000000000006bb"],
      ["package external libraries", "00000000000006bb"],
      ["module dynlibs", "00000000000006bb"],
      ["module plugins", "00000000000006bb"]]]]],
  ["Lean 4.27.0, commit 2fcce7258eeb6e324366bc25f9058293b04b7547",
   "6f43b597efea5d4c"],
  ["/home/poig/project/self-research/Quantum_AI/QLTO/Math_proof/BQP_NP_Lean/BQP_NP/Basic/LieAlgebra.lean",
   "2b92e621284545b6"],
  ["options", "00000000000006bb"],
  ["Module.leanArgs: #[]", "00000000000006bb"]],
 "depHash": "0795cb28261113c6"}