{"synthetic": false,
 "schemaVersion": "2025-09-10",
 "outputs":
 {"o": ["fca57508fec00b6a.olean"],
  "i": "19fb73ecb61c237d.ilean",
  "c": "c634b9d675654593.c"},
 "log":
 [{"message":
   ".> LEAN_PATH=/home/poig/project/self-research/Quantum_AI/QLTO/Math_proof/BQP_NP_Lean/.lake/packages/Cli/.lake/build/lib/lean:/home/poig/project/self-research/Quantum_AI/QLTO/Math_proof/BQP_NP_Lean/.lake/packages/batteries/.lake/build/lib/lean:/home/poig/project/self-research/Quantum_AI/QLTO/Math_proof/BQP_NP_Lean/.lake/packages/Qq/.lake/build/lib/lean:/home/poig/project/self-research/Quantum_AI/QLTO/Math_proof/BQP_NP_Lean/.lake/packages/aesop/.lake/build/lib/lean:/home/poig/project/self-research/Quantum_AI/QLTO/Math_proof/BQP_NP_Lean/.lake/packages/proofwidgets/.lake/build/lib/lean:/home/poig/project/self-research/Quantum_AI/QLTO/Math_proof/BQP_NP_Lean/.lake/packages/importGraph/.lake/build/lib/lean:/home/poig/project/self-research/Quantum_AI/QLTO/Math_proof/BQP_NP_Lean/.lake/packages/LeanSearchClient/.lake/build/lib/lean:/home/poig/project/self-research/Quantum_AI/QLTO/Math_proof/BQP_NP_Lean/.lake/packages/plausible/.lake/build/lib/lean:/home/poig/project/self-research/Quantum_AI/QLTO/Math_proof/BQP_NP_Lean/.lake/packages/mathlib/.lake/build/lib/lean:/home/poig/project/self-research/Quantum_AI/QLTO/Math_proof/BQP_NP_Lean/.lake/build/lib/lean /home/poig/.elan/toolchains/leanprover--lean4---v4.27.0-rc1/bin/lean /home/poig/project/self-research/Quantum_AI/QLTO/Math_proof/BQP_NP_Lean/BQP_NP/Basic/PauliBasis.lean -o /home/poig/project/self-research/Quantum_AI/QLTO/Math_proof/BQP_NP_Lean/.lake/build/lib/lean/BQP_NP/Basic/PauliBasis.olean -i /home/poig/project/self-research/Quantum_AI/QLTO/Math_proof/BQP_NP_Lean/.lake/build/lib/lean/BQP_NP/Basic/PauliBasis.ilean -c /home/poig/project/self-research/Quantum_AI/QLTO/Math_proof/BQP_NP_Lean/.lake/build/ir/BQP_NP/Basic/PauliBasis.c --setup /home/poig/project/self-research/Quantum_AI/QLTO/Math_proof/BQP_NP_Lean/.lake/build/ir/BQP_NP/Basic/PauliBasis.setup.json --json",
   "level": "trace"}],
 "inputs":
 [["BQP_NP.Basic.PauliBasis:deps",
   [["deps",
     [["bqp_np/BQP_NP:extraDep", [["@bqp_np:extraDep", "00000000000006bb"]]],
      ["imports",
       [["BQP_NP.Basic.PauliOperators transitive imports (legacy)",
         "a499bac8cfaf0111"],
        ["BQP_NP.Basic.PauliOperators:importAllArts", "90e0ddde2e5a5166"],
        ["Mathlib.Data.Fintype.Prod transitive imports (legacy)",
         "13dce6e691cba9a1"],
        ["Mathlib.Data.Fintype.Prod:importAllArts", "c08b638d920c25e5"],
        ["Mathlib.Data.Fintype.Pi transitive imports (legacy)",
         "f0dccad0ff320c87"],
        ["Mathlib.Data.Fintype.Pi:importAllArts", "febd629fdc9b70af"],
        ["Mathlib.LinearAlgebra.LinearIndependent.Defs transitive imports (legacy)",
         "2f35a3f2de8a1e0b"],
        ["Mathlib.LinearAlgebra.LinearIndependent.Defs:importAllArts",
         "99c363a5a0357d92"],
        ["Mathlib.LinearAlgebra.Matrix.Trace transitive imports (legacy)",
         "11df78f1c744043f"],
        ["Mathlib.LinearAlgebra.Matrix.Trace:importAllArts",
         "41848e31369d14de"]]]]],
    ["libs",
     [["import dynlibs", "00000000000006bb"],
      ["package external libraries", "00000000000006bb"],
      ["module dynlibs", "00000000000006bb"],
      ["module plugins", "00000000000006bb"]]]]],
  ["Lean 4.27.0, commit 2fcce7258eeb6e324366bc25f9058293b04b7547",
   "6f43b597efea5d4c"],
  ["/home/poig/project/self-research/Quantum_AI/QLTO/Math_proof/BQP_NP_Lean/BQP_NP/Basic/PauliBasis.lean",
   "0054ec252f3f4da8"],
  ["options", "00000000000006bb"],
  ["Module.leanArgs: #[]", "00000000000006bb"]],
 "depHash": "5a15d5725f7c8185"}