{"synthetic": false,
 "schemaVersion": "2025-09-10",
 "outputs":
 {"o": ["084ff1ca64d08c91.olean"],
  "i": "c81459ce83c1bfb6.ilean",
  "c": "5e348353e4330b50.c"},
 "log":
 [{"message":
   ".> LEAN_PATH=/home/poig/project/self-research/Quantum_AI/QLTO/Math_proof/BQP_NP_Lean/.lake/packages/Cli/.lake/build/lib/lean:/home/poig/project/self-research/Quantum_AI/QLTO/Math_proof/BQP_NP_Lean/.lake/packages/batteries/.lake/build/lib/lean:/home/poig/project/self-research/Quantum_AI/QLTO/Math_proof/BQP_NP_Lean/.lake/packages/Qq/.lake/build/lib/lean:/home/poig/project/self-research/Quantum_AI/QLTO/Math_proof/BQP_NP_Lean/.lake/packages/aesop/.lake/build/lib/lean:/home/poig/project/self-research/Quantum_AI/QLTO/Math_proof/BQP_NP_Lean/.lake/packages/proofwidgets/.lake/build/lib/lean:/home/poig/project/self-research/Quantum_AI/QLTO/Math_proof/BQP_NP_Lean/.lake/packages/importGraph/.lake/build/lib/lean:/home/poig/project/self-research/Quantum_AI/QLTO/Math_proof/BQP_NP_Lean/.lake/packages/LeanSearchClient/.lake/build/lib/lean:/home/poig/project/self-research/Quantum_AI/QLTO/Math_proof/BQP_NP_Lean/.lake/packages/plausible/.lake/build/lib/lean:/home/poig/project/self-research/Quantum_AI/QLTO/Math_proof/BQP_NP_Lean/.lake/packages/mathlib/.lake/build/lib/lean:/home/poig/project/self-research/Quantum_AI/QLTO/Math_proof/BQP_NP_Lean/.lake/build/lib/lean /home/poig/.elan/toolchains/leanprover--lean4---v4.27.0-rc1/bin/lean /home/poig/project/self-research/Quantum_AI/QLTO/Math_proof/BQP_NP_Lean/BQP_NP/Basic/PauliOperators.lean -o /home/poig/project/self-research/Quantum_AI/QLTO/Math_proof/BQP_NP_Lean/.lake/build/lib/lean/BQP_NP/Basic/PauliOperators.olean -i /home/poig/project/self-research/Quantum_AI/QLTO/Math_proof/BQP_NP_Lean/.lake/build/lib/lean/BQP_NP/Basic/PauliOperators.ilean -c /home/poig/project/self-research/Quantum_AI/QLTO/Math_proof/BQP_NP_Lean/.lake/build/ir/BQP_NP/Basic/PauliOperators.c --setup /home/poig/project/self-research/Quantum_AI/QLTO/Math_proof/BQP_NP_Lean/.lake/build/ir/BQP_NP/Basic/PauliOperators.setup.json --json",
   "level": "trace"}],
 "inputs":
 [["BQP_NP.Basic.PauliOperators:deps",
   [["deps",
     [["bqp_np/BQP_NP:extraDep", [["@bqp_np:extraDep", "00000000000006bb"]]],
      ["imports",
       [["Mathlib.Data.Complex.Basic transitive imports (legacy)",
         "954d8c16c17c2828"],
        ["Mathlib.Data.Complex.Basic:importAllArts", "0f29c405737957b5"],
        ["Mathlib.LinearAlgebra.Matrix.Trace transitive imports (legacy)",
         "11df78f1c744043f"],
        ["Mathlib.LinearAlgebra.Matrix.Trace:importAllArts",
         "41848e31369d14de"],
        ["Mathlib.Data.Finset.Card transitive imports (legacy)",
         "92a75409c2ce8e38"],
        ["Mathlib.Data.Finset.Card:importAllArts", "ec53a7b88106b8b6"],
        ["Mathlib.LinearAlgebra.Matrix.Kronecker transitive imports (legacy)",
         "d8c2a167a2a768b1"],
        ["Mathlib.LinearAlgebra.Matrix.Kronecker:importAllArts",
         "ec75071bb2747a8c"],
        ["Mathlib.Logic.Equiv.Fin.Basic transitive imports (legacy)",
         "aaf9087af137b159"],
        ["Mathlib.Logic.Equiv.Fin.Basic:importAllArts", "277d03fe837e547b"],
        ["Mathlib.Data.Fintype.Basic transitive imports (legacy)",
         "b674464238bc195c"],
        ["Mathlib.Data.Fintype.Basic:importAllArts", "3914bfd1273639e4"],
        ["Mathlib.Data.Fintype.List transitive imports (legacy)",
         "112ed7a7f89d71c3"],
        ["Mathlib.Data.Fintype.List:importAllArts", "615c9316f503ee58"]]]]],
    ["libs",
     [["import dynlibs", "00000000000006bb"],
      ["package external libraries", "00000000000006bb"],
      ["module dynlibs", "00000000000006bb"],
      ["module plugins", "00000000000006bb"]]]]],
  ["Lean 4.27.0, commit 2fcce7258eeb6e324366bc25f9058293b04b7547",
   "6f43b597efea5d4c"],
  ["/home/poig/project/self-research/Quantum_AI/QLTO/Math_proof/BQP_NP_Lean/BQP_NP/Basic/PauliOperators.lean",
   "29b8f79f88e33cba"],
  ["options", "00000000000006bb"],
  ["Module.leanArgs: #[]", "00000000000006bb"]],
 "depHash": "1a02e5380a3e729b"}