{"synthetic": false,
 "schemaVersion": "2025-09-10",
 "outputs":
 {"o": ["5e54bb4921a9e8aa.olean"],
  "i": "5ee80ae475b0c5a1.ilean",
  "c": "83bc8165610a4b9b.c"},
 "log":
 [{"message":
   ".> LEAN_PATH=/home/poig/project/self-research/Quantum_AI/QLTO/Math_proof/BQP_NP_Lean/.lake/packages/Cli/.lake/build/lib/lean:/home/poig/project/self-research/Quantum_AI/QLTO/Math_proof/BQP_NP_Lean/.lake/packages/batteries/.lake/build/lib/lean:/home/poig/project/self-research/Quantum_AI/QLTO/Math_proof/BQP_NP_Lean/.lake/packages/Qq/.lake/build/lib/lean:/home/poig/project/self-research/Quantum_AI/QLTO/Math_proof/BQP_NP_Lean/.lake/packages/aesop/.lake/build/lib/lean:/home/poig/project/self-research/Quantum_AI/QLTO/Math_proof/BQP_NP_Lean/.lake/packages/proofwidgets/.lake/build/lib/lean:/home/poig/project/self-research/Quantum_AI/QLTO/Math_proof/BQP_NP_Lean/.lake/packages/importGraph/.lake/build/lib/lean:/home/poig/project/self-research/Quantum_AI/QLTO/Math_proof/BQP_NP_Lean/.lake/packages/LeanSearchClient/.lake/build/lib/lean:/home/poig/project/self-research/Quantum_AI/QLTO/Math_proof/BQP_NP_Lean/.lake/packages/plausible/.lake/build/lib/lean:/home/poig/project/self-research/Quantum_AI/QLTO/Math_proof/BQP_NP_Lean/.lake/packages/mathlib/.lake/build/lib/lean:/home/poig/project/self-research/Quantum_AI/QLTO/Math_proof/BQP_NP_Lean/.lake/build/lib/lean /home/poig/.elan/toolchains/leanprover--lean4---v4.27.0-rc1/bin/lean /home/poig/project/self-research/Quantum_AI/QLTO/Math_proof/BQP_NP_Lean/BQP_NP/Year3/Reduction.lean -o /home/poig/project/self-research/Quantum_AI/QLTO/Math_proof/BQP_NP_Lean/.lake/build/lib/lean/BQP_NP/Year3/Reduction.olean -i /home/poig/project/self-research/Quantum_AI/QLTO/Math_proof/BQP_NP_Lean/.lake/build/lib/lean/BQP_NP/Year3/Reduction.ilean -c /home/poig/project/self-research/Quantum_AI/QLTO/Math_proof/BQP_NP_Lean/.lake/build/ir/BQP_NP/Year3/Reduction.c --setup /home/poig/project/self-research/Quantum_AI/QLTO/Math_proof/BQP_NP_Lean/.lake/build/ir/BQP_NP/Year3/Reduction.setup.json --json",
   "level": "trace"},
  {"message":
   "BQP_NP/Year3/Reduction.lean:40:8: unused variable `P`\n\nNote: This linter can be disabled with `set_option linter.unusedVariables false`",
   "level": "warning"}],
 "inputs":
 [["BQP_NP.Year3.Reduction:deps",
   [["deps",
     [["bqp_np/BQP_NP:extraDep", [["@bqp_np:extraDep", "00000000000006bb"]]],
      ["imports",
       [["BQP_NP.Basic.LieAlgebra transitive imports (legacy)",
         "80b4e35263e48d84"],
        ["BQP_NP.Basic.LieAlgebra:importAllArts", "e2005b5556dcd204"],
        ["BQP_NP.Basic.PauliBasis transitive imports (legacy)",
         "eb5f878d4e374930"],
        ["BQP_NP.Basic.PauliBasis:importAllArts", "7abf37365a8b9701"],
        ["Mathlib.Data.Finset.Basic transitive imports (legacy)",
         "7f6607ef2581bc51"],
        ["Mathlib.Data.Finset.Basic:importAllArts", "3c3b0d56c732ebba"]]]]],
    ["libs",
     [["import dynlibs", "00000000000006bb"],
      ["package external libraries", "00000000000006bb"],
      ["module dynlibs", "00000000000006bb"],
      ["module plugins", "00000000000006bb"]]]]],
  ["Lean 4.27.0, commit 2fcce7258eeb6e324366bc25f9058293b04b7547",
   "6f43b597efea5d4c"],
  ["/home/poig/project/self-research/Quantum_AI/QLTO/Math_proof/BQP_NP_Lean/BQP_NP/Year3/Reduction.lean",
   "64a51d5d4b140e6e"],
  ["options", "00000000000006bb"],
  ["Module.leanArgs: #[]", "00000000000006bb"]],
 "depHash": "bd6ba456648276a2"}