{"synthetic": false,
 "schemaVersion": "2025-09-10",
 "outputs":
 {"o": ["e151ea141011ea99.olean"],
  "i": "f9f95236094cce38.ilean",
  "c": "52d3d12347244242.c"},
 "log":
 [{"message":
   ".> LEAN_PATH=/home/poig/project/self-research/Quantum_AI/QLTO/Math_proof/BQP_NP_Lean/.lake/packages/Cli/.lake/build/lib/lean:/home/poig/project/self-research/Quantum_AI/QLTO/Math_proof/BQP_NP_Lean/.lake/packages/batteries/.lake/build/lib/lean:/home/poig/project/self-research/Quantum_AI/QLTO/Math_proof/BQP_NP_Lean/.lake/packages/Qq/.lake/build/lib/lean:/home/poig/project/self-research/Quantum_AI/QLTO/Math_proof/BQP_NP_Lean/.lake/packages/aesop/.lake/build/lib/lean:/home/poig/project/self-research/Quantum_AI/QLTO/Math_proof/BQP_NP_Lean/.lake/packages/proofwidgets/.lake/build/lib/lean:/home/poig/project/self-research/Quantum_AI/QLTO/Math_proof/BQP_NP_Lean/.lake/packages/importGraph/.lake/build/lib/lean:/home/poig/project/self-research/Quantum_AI/QLTO/Math_proof/BQP_NP_Lean/.lake/packages/LeanSearchClient/.lake/build/lib/lean:/home/poig/project/self-research/Quantum_AI/QLTO/Math_proof/BQP_NP_Lean/.lake/packages/plausible/.lake/build/lib/lean:/home/poig/project/self-research/Quantum_AI/QLTO/Math_proof/BQP_NP_Lean/.lake/packages/mathlib/.lake/build/lib/lean:/home/poig/project/self-research/Quantum_AI/QLTO/Math_proof/BQP_NP_Lean/.lake/build/lib/lean /home/poig/.elan/toolchains/leanprover--lean4---v4.27.0-rc1/bin/lean /home/poig/project/self-research/Quantum_AI/QLTO/Math_proof/BQP_NP_Lean/BQP_NP/Year2/AdjointGraph.lean -o /home/poig/project/self-research/Quantum_AI/QLTO/Math_proof/BQP_NP_Lean/.lake/build/lib/lean/BQP_NP/Year2/AdjointGraph.olean -i /home/poig/project/self-research/Quantum_AI/QLTO/Math_proof/BQP_NP_Lean/.lake/build/lib/lean/BQP_NP/Year2/AdjointGraph.ilean -c /home/poig/project/self-research/Quantum_AI/QLTO/Math_proof/BQP_NP_Lean/.lake/build/ir/BQP_NP/Year2/AdjointGraph.c --setup /home/poig/project/self-research/Quantum_AI/QLTO/Math_proof/BQP_NP_Lean/.lake/build/ir/BQP_NP/Year2/AdjointGraph.setup.json --json",
   "level": "trace"}],
 "inputs":
 [["BQP_NP.Year2.AdjointGraph:deps",
   [["deps",
     [["bqp_np/BQP_NP:extraDep", [["@bqp_np:extraDep", "00000000000006bb"]]],
      ["imports",
       [["BQP_NP.Basic.PauliBasis transitive imports (legacy)",
         "25ab3c40a95a8945"],
        ["BQP_NP.Basic.PauliBasis:importAllArts", "729cc50f292809c6"],
        ["BQP_NP.Basic.LieAlgebra transitive imports (legacy)",
         "80b4e35263e48d84"],
        ["BQP_NP.Basic.LieAlgebra:importAllArts", "5643a23be9bea35a"],
        ["Mathlib.Combinatorics.SimpleGraph.Basic transitive imports (legacy)",
         "5ce85aa9ccf7bc46"],
        ["Mathlib.Combinatorics.SimpleGraph.Basic:importAllArts",
         "a481006ecf18a3a5"],
        ["Mathlib.Combinatorics.SimpleGraph.AdjMatrix transitive imports (legacy)",
         "5ead6f78675e0493"],
        ["Mathlib.Combinatorics.SimpleGraph.AdjMatrix:importAllArts",
         "61b9a6faede5a669"],
        ["Mathlib.Analysis.Complex.Basic transitive imports (legacy)",
         "6ccba0f8f9bdc12b"],
        ["Mathlib.Analysis.Complex.Basic:importAllArts",
         "493dc829f936a89f"]]]]],
    ["libs",
     [["import dynlibs", "00000000000006bb"],
      ["package external libraries", "00000000000006bb"],
      ["module dynlibs", "00000000000006bb"],
      ["module plugins", "00000000000006bb"]]]]],
  ["Lean 4.27.0, commit 2fcce7258eeb6e324366bc25f9058293b04b7547",
   "6f43b597efea5d4c"],
  ["/home/poig/project/self-research/Quantum_AI/QLTO/Math_proof/BQP_NP_Lean/BQP_NP/Year2/AdjointGraph.lean",
   "3207434dc1bb1d06"],
  ["options", "00000000000006bb"],
  ["Module.leanArgs: #[]", "00000000000006bb"]],
 "depHash": "d838defc1f1be12a"}