{"synthetic": false,
 "schemaVersion": "2025-09-10",
 "outputs":
 {"o": ["7cc647f9abe07f62.olean"],
  "i": "01c06b8a01b3aef4.ilean",
  "c": "7a003804f38c9beb.c"},
 "log":
 [{"message":
   ".> LEAN_PATH=/home/poig/project/self-research/Quantum_AI/QLTO/Math_proof/BQP_NP_Lean/.lake/packages/Cli/.lake/build/lib/lean:/home/poig/project/self-research/Quantum_AI/QLTO/Math_proof/BQP_NP_Lean/.lake/packages/batteries/.lake/build/lib/lean:/home/poig/project/self-research/Quantum_AI/QLTO/Math_proof/BQP_NP_Lean/.lake/packages/Qq/.lake/build/lib/lean:/home/poig/project/self-research/Quantum_AI/QLTO/Math_proof/BQP_NP_Lean/.lake/packages/aesop/.lake/build/lib/lean:/home/poig/project/self-research/Quantum_AI/QLTO/Math_proof/BQP_NP_Lean/.lake/packages/proofwidgets/.lake/build/lib/lean:/home/poig/project/self-research/Quantum_AI/QLTO/Math_proof/BQP_NP_Lean/.lake/packages/importGraph/.lake/build/lib/lean:/home/poig/project/self-research/Quantum_AI/QLTO/Math_proof/BQP_NP_Lean/.lake/packages/LeanSearchClient/.lake/build/lib/lean:/home/poig/project/self-research/Quantum_AI/QLTO/Math_proof/BQP_NP_Lean/.lake/packages/plausible/.lake/build/lib/lean:/home/poig/project/self-research/Quantum_AI/QLTO/Math_proof/BQP_NP_Lean/.lake/packages/mathlib/.lake/build/lib/lean:/home/poig/project/self-research/Quantum_AI/QLTO/Math_proof/BQP_NP_Lean/.lake/build/lib/lean /home/poig/.elan/toolchains/leanprover--lean4---v4.27.0-rc1/bin/lean /home/poig/project/self-research/Quantum_AI/QLTO/Math_proof/BQP_NP_Lean/BQP_NP/Year2/KillingEvaluation.lean -o /home/poig/project/self-research/Quantum_AI/QLTO/Math_proof/BQP_NP_Lean/.lake/build/lib/lean/BQP_NP/Year2/KillingEvaluation.olean -i /home/poig/project/self-research/Quantum_AI/QLTO/Math_proof/BQP_NP_Lean/.lake/build/lib/lean/BQP_NP/Year2/KillingEvaluation.ilean -c /home/poig/project/self-research/Quantum_AI/QLTO/Math_proof/BQP_NP_Lean/.lake/build/ir/BQP_NP/Year2/KillingEvaluation.c --setup /home/poig/project/self-research/Quantum_AI/QLTO/Math_proof/BQP_NP_Lean/.lake/build/ir/BQP_NP/Year2/KillingEvaluation.setup.json --json",
   "level": "trace"},
  {"message":
   "BQP_NP/Year2/KillingEvaluation.lean:86:6: declaration uses 'sorry'",
   "level": "warning"},
  {"message":
   "BQP_NP/Year2/KillingEvaluation.lean:104:8: declaration uses 'sorry'",
   "level": "warning"}],
 "inputs":
 [["BQP_NP.Year2.KillingEvaluation:deps",
   [["deps",
     [["bqp_np/BQP_NP:extraDep", [["@bqp_np:extraDep", "00000000000006bb"]]],
      ["imports",
       [["BQP_NP.Basic.PauliBasis transitive imports (legacy)",
         "25ab3c40a95a8945"],
        ["BQP_NP.Basic.PauliBasis:importAllArts", "729cc50f292809c6"],
        ["BQP_NP.Basic.LieAlgebra transitive imports (legacy)",
         "80b4e35263e48d84"],
        ["BQP_NP.Basic.LieAlgebra:importAllArts", "cdb771b51136115f"],
        ["Mathlib.LinearAlgebra.Matrix.Trace transitive imports (legacy)",
         "11df78f1c744043f"],
        ["Mathlib.LinearAlgebra.Matrix.Trace:importAllArts",
         "41848e31369d14de"],
        ["Mathlib.LinearAlgebra.Matrix.Kronecker transitive imports (legacy)",
         "d8c2a167a2a768b1"],
        ["Mathlib.LinearAlgebra.Matrix.Kronecker:importAllArts",
         "ec75071bb2747a8c"],
        ["Mathlib.Data.Complex.Basic transitive imports (legacy)",
         "954d8c16c17c2828"],
        ["Mathlib.Data.Complex.Basic:importAllArts", "0f29c405737957b5"],
        ["Mathlib.Tactic transitive imports (legacy)", "aedc4419c02b61f8"],
        ["Mathlib.Tactic:importAllArts", "396d263b6f422b32"]]]]],
    ["libs",
     [["import dynlibs", "00000000000006bb"],
      ["package external libraries", "00000000000006bb"],
      ["module dynlibs", "00000000000006bb"],
      ["module plugins", "00000000000006bb"]]]]],
  ["Lean 4.27.0, commit 2fcce7258eeb6e324366bc25f9058293b04b7547",
   "6f43b597efea5d4c"],
  ["/home/poig/project/self-research/Quantum_AI/QLTO/Math_proof/BQP_NP_Lean/BQP_NP/Year2/KillingEvaluation.lean",
   "651bff9134a4b1dd"],
  ["options", "00000000000006bb"],
  ["Module.leanArgs: #[]", "00000000000006bb"]],
 "depHash": "772c243f895fdeb5"}