{"synthetic": false,
 "schemaVersion": "2025-09-10",
 "outputs":
 {"o": ["0428783ecf4eca4d.olean"],
  "i": "2191863f16ec5ba4.ilean",
  "c": "52e1eda636f8cd3a.c"},
 "log":
 [{"message":
   ".> LEAN_PATH=/home/poig/project/self-research/Quantum_AI/QLTO/Math_proof/BQP_NP_Lean/.lake/packages/Cli/.lake/build/lib/lean:/home/poig/project/self-research/Quantum_AI/QLTO/Math_proof/BQP_NP_Lean/.lake/packages/batteries/.lake/build/lib/lean:/home/poig/project/self-research/Quantum_AI/QLTO/Math_proof/BQP_NP_Lean/.lake/packages/Qq/.lake/build/lib/lean:/home/poig/project/self-research/Quantum_AI/QLTO/Math_proof/BQP_NP_Lean/.lake/packages/aesop/.lake/build/lib/lean:/home/poig/project/self-research/Quantum_AI/QLTO/Math_proof/BQP_NP_Lean/.lake/packages/proofwidgets/.lake/build/lib/lean:/home/poig/project/self-research/Quantum_AI/QLTO/Math_proof/BQP_NP_Lean/.lake/packages/importGraph/.lake/build/lib/lean:/home/poig/project/self-research/Quantum_AI/QLTO/Math_proof/BQP_NP_Lean/.lake/packages/LeanSearchClient/.lake/build/lib/lean:/home/poig/project/self-research/Quantum_AI/QLTO/Math_proof/BQP_NP_Lean/.lake/packages/plausible/.lake/build/lib/lean:/home/poig/project/self-research/Quantum_AI/QLTO/Math_proof/BQP_NP_Lean/.lake/packages/mathlib/.lake/build/lib/lean:/home/poig/project/self-research/Quantum_AI/QLTO/Math_proof/BQP_NP_Lean/.lake/build/lib/lean /home/poig/.elan/toolchains/leanprover--lean4---v4.27.0-rc1/bin/lean /home/poig/project/self-research/Quantum_AI/QLTO/Math_proof/BQP_NP_Lean/BQP_NP/Year2/SpectralBridge.lean -o /home/poig/project/self-research/Quantum_AI/QLTO/Math_proof/BQP_NP_Lean/.lake/build/lib/lean/BQP_NP/Year2/SpectralBridge.olean -i /home/poig/project/self-research/Quantum_AI/QLTO/Math_proof/BQP_NP_Lean/.lake/build/lib/lean/BQP_NP/Year2/SpectralBridge.ilean -c /home/poig/project/self-research/Quantum_AI/QLTO/Math_proof/BQP_NP_Lean/.lake/build/ir/BQP_NP/Year2/SpectralBridge.c --setup /home/poig/project/self-research/Quantum_AI/QLTO/Math_proof/BQP_NP_Lean/.lake/build/ir/BQP_NP/Year2/SpectralBridge.setup.json --json",
   "level": "trace"},
  {"message": "BQP_NP/Year2/SpectralBridge.lean:37:8: declaration uses 'sorry'",
   "level": "warning"},
  {"message": "BQP_NP/Year2/SpectralBridge.lean:52:8: declaration uses 'sorry'",
   "level": "warning"},
  {"message": "BQP_NP/Year2/SpectralBridge.lean:61:8: declaration uses 'sorry'",
   "level": "warning"}],
 "inputs":
 [["BQP_NP.Year2.SpectralBridge:deps",
   [["deps",
     [["bqp_np/BQP_NP:extraDep", [["@bqp_np:extraDep", "00000000000006bb"]]],
      ["imports",
       [["BQP_NP.Basic.LieAlgebra transitive imports (legacy)",
         "80b4e35263e48d84"],
        ["BQP_NP.Basic.LieAlgebra:importAllArts", "cdb771b51136115f"],
        ["BQP_NP.Year2.AdjointGraph transitive imports (legacy)",
         "287b0b50de6f91f3"],
        ["BQP_NP.Year2.AdjointGraph:importAllArts", "860539c45ffea95a"],
        ["BQP_NP.Year2.Localization transitive imports (legacy)",
         "e50fb7e69ab64d5e"],
        ["BQP_NP.Year2.Localization:importAllArts", "191ec36bb5b86ae4"]]]]],
    ["libs",
     [["import dynlibs", "00000000000006bb"],
      ["package external libraries", "00000000000006bb"],
      ["module dynlibs", "00000000000006bb"],
      ["module plugins", "00000000000006bb"]]]]],
  ["Lean 4.27.0, commit 2fcce7258eeb6e324366bc25f9058293b04b7547",
   "6f43b597efea5d4c"],
  ["/home/poig/project/self-research/Quantum_AI/QLTO/Math_proof/BQP_NP_Lean/BQP_NP/Year2/SpectralBridge.lean",
   "33d88adc10ee625c"],
  ["options", "00000000000006bb"],
  ["Module.leanArgs: #[]", "00000000000006bb"]],
 "depHash": "1dc8cefb2c94a63f"}