{"synthetic": false,
 "schemaVersion": "2025-09-10",
 "outputs":
 {"o": ["791c733a0c0f4124.olean"],
  "i": "3bd6b84b3a5707ab.ilean",
  "c": "e52bfbb102645725.c"},
 "log":
 [{"message":
   ".> LEAN_PATH=/home/poig/project/self-research/Quantum_AI/QLTO/Math_proof/BQP_NP_Lean/.lake/packages/Cli/.lake/build/lib/lean:/home/poig/project/self-research/Quantum_AI/QLTO/Math_proof/BQP_NP_Lean/.lake/packages/batteries/.lake/build/lib/lean:/home/poig/project/self-research/Quantum_AI/QLTO/Math_proof/BQP_NP_Lean/.lake/packages/Qq/.lake/build/lib/lean:/home/poig/project/self-research/Quantum_AI/QLTO/Math_proof/BQP_NP_Lean/.lake/packages/aesop/.lake/build/lib/lean:/home/poig/project/self-research/Quantum_AI/QLTO/Math_proof/BQP_NP_Lean/.lake/packages/proofwidgets/.lake/build/lib/lean:/home/poig/project/self-research/Quantum_AI/QLTO/Math_proof/BQP_NP_Lean/.lake/packages/importGraph/.lake/build/lib/lean:/home/poig/project/self-research/Quantum_AI/QLTO/Math_proof/BQP_NP_Lean/.lake/packages/LeanSearchClient/.lake/build/lib/lean:/home/poig/project/self-research/Quantum_AI/QLTO/Math_proof/BQP_NP_Lean/.lake/packages/plausible/.lake/build/lib/lean:/home/poig/project/self-research/Quantum_AI/QLTO/Math_proof/BQP_NP_Lean/.lake/packages/mathlib/.lake/build/lib/lean:/home/poig/project/self-research/Quantum_AI/QLTO/Math_proof/BQP_NP_Lean/.lake/build/lib/lean /home/poig/.elan/toolchains/leanprover--lean4---v4.27.0-rc1/bin/lean /home/poig/project/self-research/Quantum_AI/QLTO/Math_proof/BQP_NP_Lean/BQP_NP/Geometry/SectionalCurvature.lean -o /home/poig/project/self-research/Quantum_AI/QLTO/Math_proof/BQP_NP_Lean/.lake/build/lib/lean/BQP_NP/Geometry/SectionalCurvature.olean -i /home/poig/project/self-research/Quantum_AI/QLTO/Math_proof/BQP_NP_Lean/.lake/build/lib/lean/BQP_NP/Geometry/SectionalCurvature.ilean -c /home/poig/project/self-research/Quantum_AI/QLTO/Math_proof/BQP_NP_Lean/.lake/build/ir/BQP_NP/Geometry/SectionalCurvature.c --setup /home/poig/project/self-research/Quantum_AI/QLTO/Math_proof/BQP_NP_Lean/.lake/build/ir/BQP_NP/Geometry/SectionalCurvature.setup.json --json",
   "level": "trace"}],
 "inputs":
 [["BQP_NP.Geometry.SectionalCurvature:deps",
   [["deps",
     [["bqp_np/BQP_NP:extraDep", [["@bqp_np:extraDep", "00000000000006bb"]]],
      ["imports",
       [["Mathlib.Algebra.Lie.Basic transitive imports (legacy)",
         "d3bd0edb22ec4f72"],
        ["Mathlib.Algebra.Lie.Basic:importAllArts", "eaf475dd2697eea6"],
        ["Mathlib.Analysis.InnerProductSpace.Basic transitive imports (legacy)",
         "237c565c4bc988ed"],
        ["Mathlib.Analysis.InnerProductSpace.Basic:importAllArts",
         "ca12710df21786ea"],
        ["Mathlib.Analysis.InnerProductSpace.Adjoint transitive imports (legacy)",
         "d976f3ed8ca1499b"],
        ["Mathlib.Analysis.InnerProductSpace.Adjoint:importAllArts",
         "6e870943bf988b24"],
        ["Mathlib.Analysis.RCLike.Basic transitive imports (legacy)",
         "f37d5d234be49151"],
        ["Mathlib.Analysis.RCLike.Basic:importAllArts", "a28cedd46eb1eb35"],
        ["Mathlib.Topology.Algebra.Module.FiniteDimension transitive imports (legacy)",
         "249a88efc291c3c5"],
        ["Mathlib.Topology.Algebra.Module.FiniteDimension:importAllArts",
         "9cd5d557ace8a08a"],
        ["Mathlib.Analysis.Normed.Module.FiniteDimension transitive imports (legacy)",
         "dfe61a0bac8cd857"],
        ["Mathlib.Analysis.Normed.Module.FiniteDimension:importAllArts",
         "fd6685c947c8122a"],
        ["Mathlib.Analysis.InnerProductSpace.PiL2 transitive imports (legacy)",
         "264cee943639d1c0"],
        ["Mathlib.Analysis.InnerProductSpace.PiL2:importAllArts",
         "3872bb8606e1548b"],
        ["Mathlib.Analysis.Matrix.Normed transitive imports (legacy)",
         "f2cc7f966179a900"],
        ["Mathlib.Analysis.Matrix.Normed:importAllArts", "bf749fb337fdcf97"],
        ["BQP_NP.Basic.LieAlgebra transitive imports (legacy)",
         "80b4e35263e48d84"],
        ["BQP_NP.Basic.LieAlgebra:importAllArts", "e2005b5556dcd204"]]]]],
    ["libs",
     [["import dynlibs", "00000000000006bb"],
      ["package external libraries", "00000000000006bb"],
      ["module dynlibs", "00000000000006bb"],
      ["module plugins", "00000000000006bb"]]]]],
  ["Lean 4.27.0, commit 2fcce7258eeb6e324366bc25f9058293b04b7547",
   "6f43b597efea5d4c"],
  ["/home/poig/project/self-research/Quantum_AI/QLTO/Math_proof/BQP_NP_Lean/BQP_NP/Geometry/SectionalCurvature.lean",
   "b37bc3109a3e95ca"],
  ["options", "00000000000006bb"],
  ["Module.leanArgs: #[]", "00000000000006bb"]],
 "depHash": "b1d84b9088fd8603"}