{"synthetic": false,
 "schemaVersion": "2025-09-10",
 "outputs":
 {"o": ["478dbf065aed6ae8.olean"],
  "i": "cdec3b5b0b4558dc.ilean",
  "c": "ae4e507b99344378.c"},
 "log":
 [{"message":
   ".> LEAN_PATH=/home/poig/project/self-research/Quantum_AI/QLTO/Math_proof/BQP_NP_Lean/.lake/packages/Cli/.lake/build/lib/lean:/home/poig/project/self-research/Quantum_AI/QLTO/Math_proof/BQP_NP_Lean/.lake/packages/batteries/.lake/build/lib/lean:/home/poig/project/self-research/Quantum_AI/QLTO/Math_proof/BQP_NP_Lean/.lake/packages/Qq/.lake/build/lib/lean:/home/poig/project/self-research/Quantum_AI/QLTO/Math_proof/BQP_NP_Lean/.lake/packages/aesop/.lake/build/lib/lean:/home/poig/project/self-research/Quantum_AI/QLTO/Math_proof/BQP_NP_Lean/.lake/packages/proofwidgets/.lake/build/lib/lean:/home/poig/project/self-research/Quantum_AI/QLTO/Math_proof/BQP_NP_Lean/.lake/packages/importGraph/.lake/build/lib/lean:/home/poig/project/self-research/Quantum_AI/QLTO/Math_proof/BQP_NP_Lean/.lake/packages/LeanSearchClient/.lake/build/lib/lean:/home/poig/project/self-research/Quantum_AI/QLTO/Math_proof/BQP_NP_Lean/.lake/packages/plausible/.lake/build/lib/lean:/home/poig/project/self-research/Quantum_AI/QLTO/Math_proof/BQP_NP_Lean/.lake/packages/mathlib/.lake/build/lib/lean:/home/poig/project/self-research/Quantum_AI/QLTO/Math_proof/BQP_NP_Lean/.lake/build/lib/lean /home/poig/.elan/toolchains/leanprover--lean4---v4.27.0-rc1/bin/lean /home/poig/project/self-research/Quantum_AI/QLTO/Math_proof/BQP_NP_Lean/BQP_NP/Complexity/BooleanCircuit.lean -o /home/poig/project/self-research/Quantum_AI/QLTO/Math_proof/BQP_NP_Lean/.lake/build/lib/lean/BQP_NP/Complexity/BooleanCircuit.olean -i /home/poig/project/self-research/Quantum_AI/QLTO/Math_proof/BQP_NP_Lean/.lake/build/lib/lean/BQP_NP/Complexity/BooleanCircuit.ilean -c /home/poig/project/self-research/Quantum_AI/QLTO/Math_proof/BQP_NP_Lean/.lake/build/ir/BQP_NP/Complexity/BooleanCircuit.c --setup /home/poig/project/self-research/Quantum_AI/QLTO/Math_proof/BQP_NP_Lean/.lake/build/ir/BQP_NP/Complexity/BooleanCircuit.setup.json --json",
   "level": "trace"},
  {"message":
   "BQP_NP/Complexity/BooleanCircuit.lean:142:8: declaration uses 'sorry'",
   "level": "warning"}],
 "inputs":
 [["BQP_NP.Complexity.BooleanCircuit:deps",
   [["deps",
     [["bqp_np/BQP_NP:extraDep", [["@bqp_np:extraDep", "00000000000006bb"]]],
      ["imports",
       [["Mathlib.Data.List.Basic transitive imports (legacy)",
         "5cfd7f65b83e6d7a"],
        ["Mathlib.Data.List.Basic:importAllArts", "70c34553547d0142"],
        ["Mathlib.Data.Vector.Basic transitive imports (legacy)",
         "e944f6af0a1c747e"],
        ["Mathlib.Data.Vector.Basic:importAllArts", "40267fc7fb9d88cc"],
        ["Mathlib.Logic.Basic transitive imports (legacy)", "1e87747725b1f90e"],
        ["Mathlib.Logic.Basic:importAllArts", "09fddcf8e2285e56"],
        ["BQP_NP.Complexity.ClassNP transitive imports (legacy)",
         "de96438b816325df"],
        ["BQP_NP.Complexity.ClassNP:importAllArts", "4e30bf7232855cc1"]]]]],
    ["libs",
     [["import dynlibs", "00000000000006bb"],
      ["package external libraries", "00000000000006bb"],
      ["module dynlibs", "00000000000006bb"],
      ["module plugins", "00000000000006bb"]]]]],
  ["Lean 4.27.0, commit 2fcce7258eeb6e324366bc25f9058293b04b7547",
   "6f43b597efea5d4c"],
  ["/home/poig/project/self-research/Quantum_AI/QLTO/Math_proof/BQP_NP_Lean/BQP_NP/Complexity/BooleanCircuit.lean",
   "88a0fe86bcc867ba"],
  ["options", "00000000000006bb"],
  ["Module.leanArgs: #[]", "00000000000006bb"]],
 "depHash": "f42bbfd5b35e05ce"}