{"synthetic": false,
 "schemaVersion": "2025-09-10",
 "outputs":
 {"o": ["a5f17d1464cb4c16.olean"],
  "i": "97f2b9072c7a3439.ilean",
  "c": "a7a24dfcf78a36e0.c"},
 "log":
 [{"message":
   ".> LEAN_PATH=/home/poig/project/self-research/Quantum_AI/QLTO/Math_proof/BQP_NP_Lean/.lake/packages/Cli/.lake/build/lib/lean:/home/poig/project/self-research/Quantum_AI/QLTO/Math_proof/BQP_NP_Lean/.lake/packages/batteries/.lake/build/lib/lean:/home/poig/project/self-research/Quantum_AI/QLTO/Math_proof/BQP_NP_Lean/.lake/packages/Qq/.lake/build/lib/lean:/home/poig/project/self-research/Quantum_AI/QLTO/Math_proof/BQP_NP_Lean/.lake/packages/aesop/.lake/build/lib/lean:/home/poig/project/self-research/Quantum_AI/QLTO/Math_proof/BQP_NP_Lean/.lake/packages/proofwidgets/.lake/build/lib/lean:/home/poig/project/self-research/Quantum_AI/QLTO/Math_proof/BQP_NP_Lean/.lake/packages/importGraph/.lake/build/lib/lean:/home/poig/project/self-research/Quantum_AI/QLTO/Math_proof/BQP_NP_Lean/.lake/packages/LeanSearchClient/.lake/build/lib/lean:/home/poig/project/self-research/Quantum_AI/QLTO/Math_proof/BQP_NP_Lean/.lake/packages/plausible/.lake/build/lib/lean:/home/poig/project/self-research/Quantum_AI/QLTO/Math_proof/BQP_NP_Lean/.lake/packages/mathlib/.lake/build/lib/lean:/home/poig/project/self-research/Quantum_AI/QLTO/Math_proof/BQP_NP_Lean/.lake/build/lib/lean /home/poig/.elan/toolchains/leanprover--lean4---v4.27.0-rc1/bin/lean /home/poig/project/self-research/Quantum_AI/QLTO/Math_proof/BQP_NP_Lean/BQP_NP/Complexity/CompileCorrect.lean -o /home/poig/project/self-research/Quantum_AI/QLTO/Math_proof/BQP_NP_Lean/.lake/build/lib/lean/BQP_NP/Complexity/CompileCorrect.olean -i /home/poig/project/self-research/Quantum_AI/QLTO/Math_proof/BQP_NP_Lean/.lake/build/lib/lean/BQP_NP/Complexity/CompileCorrect.ilean -c /home/poig/project/self-research/Quantum_AI/QLTO/Math_proof/BQP_NP_Lean/.lake/build/ir/BQP_NP/Complexity/CompileCorrect.c --setup /home/poig/project/self-research/Quantum_AI/QLTO/Math_proof/BQP_NP_Lean/.lake/build/ir/BQP_NP/Complexity/CompileCorrect.setup.json --json",
   "level": "trace"},
  {"message":
   "BQP_NP/Complexity/CompileCorrect.lean:64:6: declaration uses 'sorry'",
   "level": "warning"},
  {"message":
   "BQP_NP/Complexity/CompileCorrect.lean:70:6: declaration uses 'sorry'",
   "level": "warning"},
  {"message":
   "BQP_NP/Complexity/CompileCorrect.lean:79:8: declaration uses 'sorry'",
   "level": "warning"}],
 "inputs":
 [["BQP_NP.Complexity.CompileCorrect:deps",
   [["deps",
     [["bqp_np/BQP_NP:extraDep", [["@bqp_np:extraDep", "00000000000006bb"]]],
      ["imports",
       [["BQP_NP.Complexity.SafeExpr transitive imports (legacy)",
         "e8d7b4bad23eacb9"],
        ["BQP_NP.Complexity.SafeExpr:importAllArts", "206e820d96b6d220"],
        ["BQP_NP.Complexity.SafeToCircuit transitive imports (legacy)",
         "ce7595c657a90263"],
        ["BQP_NP.Complexity.SafeToCircuit:importAllArts", "d2e225032e720fb4"],
        ["BQP_NP.Complexity.BooleanCircuit transitive imports (legacy)",
         "bc384a712318ad78"],
        ["BQP_NP.Complexity.BooleanCircuit:importAllArts",
         "de1327d502fa4d54"]]]]],
    ["libs",
     [["import dynlibs", "00000000000006bb"],
      ["package external libraries", "00000000000006bb"],
      ["module dynlibs", "00000000000006bb"],
      ["module plugins", "00000000000006bb"]]]]],
  ["Lean 4.27.0, commit 2fcce7258eeb6e324366bc25f9058293b04b7547",
   "6f43b597efea5d4c"],
  ["/home/poig/project/self-research/Quantum_AI/QLTO/Math_proof/BQP_NP_Lean/BQP_NP/Complexity/CompileCorrect.lean",
   "a9b15ce524cc382f"],
  ["options", "00000000000006bb"],
  ["Module.leanArgs: #[]", "00000000000006bb"]],
 "depHash": "0766b1ffd3ea56d9"}