{"synthetic": false,
 "schemaVersion": "2025-09-10",
 "outputs":
 {"o": ["39fd017b2051aebc.olean"],
  "i": "5006599c46ac21ab.ilean",
  "c": "50affd6054091028.c"},
 "log":
 [{"message":
   ".> LEAN_PATH=/home/poig/project/self-research/Quantum_AI/QLTO/Math_proof/BQP_NP_Lean/.lake/packages/Cli/.lake/build/lib/lean:/home/poig/project/self-research/Quantum_AI/QLTO/Math_proof/BQP_NP_Lean/.lake/packages/batteries/.lake/build/lib/lean:/home/poig/project/self-research/Quantum_AI/QLTO/Math_proof/BQP_NP_Lean/.lake/packages/Qq/.lake/build/lib/lean:/home/poig/project/self-research/Quantum_AI/QLTO/Math_proof/BQP_NP_Lean/.lake/packages/aesop/.lake/build/lib/lean:/home/poig/project/self-research/Quantum_AI/QLTO/Math_proof/BQP_NP_Lean/.lake/packages/proofwidgets/.lake/build/lib/lean:/home/poig/project/self-research/Quantum_AI/QLTO/Math_proof/BQP_NP_Lean/.lake/packages/importGraph/.lake/build/lib/lean:/home/poig/project/self-research/Quantum_AI/QLTO/Math_proof/BQP_NP_Lean/.lake/packages/LeanSearchClient/.lake/build/lib/lean:/home/poig/project/self-research/Quantum_AI/QLTO/Math_proof/BQP_NP_Lean/.lake/packages/plausible/.lake/build/lib/lean:/home/poig/project/self-research/Quantum_AI/QLTO/Math_proof/BQP_NP_Lean/.lake/packages/mathlib/.lake/build/lib/lean:/home/poig/project/self-research/Quantum_AI/QLTO/Math_proof/BQP_NP_Lean/.lake/build/lib/lean /home/poig/.elan/toolchains/leanprover--lean4---v4.27.0-rc1/bin/lean /home/poig/project/self-research/Quantum_AI/QLTO/Math_proof/BQP_NP_Lean/BQP_NP/Complexity/SafeExpr.lean -o /home/poig/project/self-research/Quantum_AI/QLTO/Math_proof/BQP_NP_Lean/.lake/build/lib/lean/BQP_NP/Complexity/SafeExpr.olean -i /home/poig/project/self-research/Quantum_AI/QLTO/Math_proof/BQP_NP_Lean/.lake/build/lib/lean/BQP_NP/Complexity/SafeExpr.ilean -c /home/poig/project/self-research/Quantum_AI/QLTO/Math_proof/BQP_NP_Lean/.lake/build/ir/BQP_NP/Complexity/SafeExpr.c --setup /home/poig/project/self-research/Quantum_AI/QLTO/Math_proof/BQP_NP_Lean/.lake/build/ir/BQP_NP/Complexity/SafeExpr.setup.json --json",
   "level": "trace"},
  {"message":
   "BQP_NP/Complexity/SafeExpr.lean:54:20: unused variable `f`\n\nNote: This linter can be disabled with `set_option linter.unusedVariables false`",
   "level": "warning"},
  {"message":
   "BQP_NP/Complexity/SafeExpr.lean:54:22: unused variable `g`\n\nNote: This linter can be disabled with `set_option linter.unusedVariables false`",
   "level": "warning"},
  {"message": "BQP_NP/Complexity/SafeExpr.lean:60:4: declaration uses 'sorry'",
   "level": "warning"},
  {"message": "BQP_NP/Complexity/SafeExpr.lean:60:4: declaration uses 'sorry'",
   "level": "warning"},
  {"message": "BQP_NP/Complexity/SafeExpr.lean:60:4: declaration uses 'sorry'",
   "level": "warning"},
  {"message": "BQP_NP/Complexity/SafeExpr.lean:60:4: declaration uses 'sorry'",
   "level": "warning"},
  {"message": "BQP_NP/Complexity/SafeExpr.lean:60:4: declaration uses 'sorry'",
   "level": "warning"},
  {"message": "BQP_NP/Complexity/SafeExpr.lean:60:4: declaration uses 'sorry'",
   "level": "warning"}],
 "inputs":
 [["BQP_NP.Complexity.SafeExpr:deps",
   [["deps",
     [["bqp_np/BQP_NP:extraDep", [["@bqp_np:extraDep", "00000000000006bb"]]],
      ["imports",
       [["BQP_NP.Complexity.SafeRecursion transitive imports (legacy)",
         "f8cf0ea15542e535"],
        ["BQP_NP.Complexity.SafeRecursion:importAllArts", "6d49fb97f0e5361d"],
        ["Mathlib.Data.Fin.VecNotation transitive imports (legacy)",
         "a8674283a7fbc83c"],
        ["Mathlib.Data.Fin.VecNotation:importAllArts", "de3aa3d2aa9e0e63"],
        ["Mathlib.Data.List.Basic transitive imports (legacy)",
         "5cfd7f65b83e6d7a"],
        ["Mathlib.Data.List.Basic:importAllArts", "70c34553547d0142"]]]]],
    ["libs",
     [["import dynlibs", "00000000000006bb"],
      ["package external libraries", "00000000000006bb"],
      ["module dynlibs", "00000000000006bb"],
      ["module plugins", "00000000000006bb"]]]]],
  ["Lean 4.27.0, commit 2fcce7258eeb6e324366bc25f9058293b04b7547",
   "6f43b597efea5d4c"],
  ["/home/poig/project/self-research/Quantum_AI/QLTO/Math_proof/BQP_NP_Lean/BQP_NP/Complexity/SafeExpr.lean",
   "8c188c6a95d1f830"],
  ["options", "00000000000006bb"],
  ["Module.leanArgs: #[]", "00000000000006bb"]],
 "depHash": "996b419a1127e771"}