{"synthetic": false,
 "schemaVersion": "2025-09-10",
 "outputs":
 {"o": ["40fcc537207099fc.olean"],
  "i": "8da8994b6f401f26.ilean",
  "c": "90ee38ed75ffb2b5.c"},
 "log":
 [{"message":
   ".> LEAN_PATH=/home/poig/project/self-research/Quantum_AI/QLTO/Math_proof/BQP_NP_Lean/.lake/packages/Cli/.lake/build/lib/lean:/home/poig/project/self-research/Quantum_AI/QLTO/Math_proof/BQP_NP_Lean/.lake/packages/batteries/.lake/build/lib/lean:/home/poig/project/self-research/Quantum_AI/QLTO/Math_proof/BQP_NP_Lean/.lake/packages/Qq/.lake/build/lib/lean:/home/poig/project/self-research/Quantum_AI/QLTO/Math_proof/BQP_NP_Lean/.lake/packages/aesop/.lake/build/lib/lean:/home/poig/project/self-research/Quantum_AI/QLTO/Math_proof/BQP_NP_Lean/.lake/packages/proofwidgets/.lake/build/lib/lean:/home/poig/project/self-research/Quantum_AI/QLTO/Math_proof/BQP_NP_Lean/.lake/packages/importGraph/.lake/build/lib/lean:/home/poig/project/self-research/Quantum_AI/QLTO/Math_proof/BQP_NP_Lean/.lake/packages/LeanSearchClient/.lake/build/lib/lean:/home/poig/project/self-research/Quantum_AI/QLTO/Math_proof/BQP_NP_Lean/.lake/packages/plausible/.lake/build/lib/lean:/home/poig/project/self-research/Quantum_AI/QLTO/Math_proof/BQP_NP_Lean/.lake/packages/mathlib/.lake/build/lib/lean:/home/poig/project/self-research/Quantum_AI/QLTO/Math_proof/BQP_NP_Lean/.lake/build/lib/lean /home/poig/.elan/toolchains/leanprover--lean4---v4.27.0-rc1/bin/lean /home/poig/project/self-research/Quantum_AI/QLTO/Math_proof/BQP_NP_Lean/BQP_NP/Complexity/SafeToCircuit.lean -o /home/poig/project/self-research/Quantum_AI/QLTO/Math_proof/BQP_NP_Lean/.lake/build/lib/lean/BQP_NP/Complexity/SafeToCircuit.olean -i /home/poig/project/self-research/Quantum_AI/QLTO/Math_proof/BQP_NP_Lean/.lake/build/lib/lean/BQP_NP/Complexity/SafeToCircuit.ilean -c /home/poig/project/self-research/Quantum_AI/QLTO/Math_proof/BQP_NP_Lean/.lake/build/ir/BQP_NP/Complexity/SafeToCircuit.c --setup /home/poig/project/self-research/Quantum_AI/QLTO/Math_proof/BQP_NP_Lean/.lake/build/ir/BQP_NP/Complexity/SafeToCircuit.setup.json --json",
   "level": "trace"},
  {"message":
   "BQP_NP/Complexity/SafeToCircuit.lean:51:4: declaration uses 'sorry'",
   "level": "warning"},
  {"message":
   "BQP_NP/Complexity/SafeToCircuit.lean:51:4: declaration uses 'sorry'",
   "level": "warning"},
  {"message":
   "BQP_NP/Complexity/SafeToCircuit.lean:51:4: declaration uses 'sorry'",
   "level": "warning"},
  {"message":
   "BQP_NP/Complexity/SafeToCircuit.lean:51:4: declaration uses 'sorry'",
   "level": "warning"},
  {"message":
   "BQP_NP/Complexity/SafeToCircuit.lean:51:4: declaration uses 'sorry'",
   "level": "warning"},
  {"message":
   "BQP_NP/Complexity/SafeToCircuit.lean:51:4: declaration uses 'sorry'",
   "level": "warning"}],
 "inputs":
 [["BQP_NP.Complexity.SafeToCircuit:deps",
   [["deps",
     [["bqp_np/BQP_NP:extraDep", [["@bqp_np:extraDep", "00000000000006bb"]]],
      ["imports",
       [["BQP_NP.Complexity.SafeExpr transitive imports (legacy)",
         "e8d7b4bad23eacb9"],
        ["BQP_NP.Complexity.SafeExpr:importAllArts", "206e820d96b6d220"],
        ["BQP_NP.Complexity.BooleanCircuit transitive imports (legacy)",
         "bc384a712318ad78"],
        ["BQP_NP.Complexity.BooleanCircuit:importAllArts", "de1327d502fa4d54"],
        ["Mathlib.Data.Vector.Basic transitive imports (legacy)",
         "e944f6af0a1c747e"],
        ["Mathlib.Data.Vector.Basic:importAllArts", "40267fc7fb9d88cc"]]]]],
    ["libs",
     [["import dynlibs", "00000000000006bb"],
      ["package external libraries", "00000000000006bb"],
      ["module dynlibs", "00000000000006bb"],
      ["module plugins", "00000000000006bb"]]]]],
  ["Lean 4.27.0, commit 2fcce7258eeb6e324366bc25f9058293b04b7547",
   "6f43b597efea5d4c"],
  ["/home/poig/project/self-research/Quantum_AI/QLTO/Math_proof/BQP_NP_Lean/BQP_NP/Complexity/SafeToCircuit.lean",
   "f48274a257da2fe0"],
  ["options", "00000000000006bb"],
  ["Module.leanArgs: #[]", "00000000000006bb"]],
 "depHash": "57281c6bb9c10bdf"}