{"synthetic": false,
 "schemaVersion": "2025-09-10",
 "outputs":
 {"o": ["e3131c89938d3ee8.olean"],
  "i": "f9b6a3f730ba3914.ilean",
  "c": "aa3fe2d669ea466b.c"},
 "log":
 [{"message":
   ".> LEAN_PATH=/home/poig/project/self-research/Quantum_AI/QLTO/Math_proof/BQP_NP_Lean/.lake/packages/Cli/.lake/build/lib/lean:/home/poig/project/self-research/Quantum_AI/QLTO/Math_proof/BQP_NP_Lean/.lake/packages/batteries/.lake/build/lib/lean:/home/poig/project/self-research/Quantum_AI/QLTO/Math_proof/BQP_NP_Lean/.lake/packages/Qq/.lake/build/lib/lean:/home/poig/project/self-research/Quantum_AI/QLTO/Math_proof/BQP_NP_Lean/.lake/packages/aesop/.lake/build/lib/lean:/home/poig/project/self-research/Quantum_AI/QLTO/Math_proof/BQP_NP_Lean/.lake/packages/proofwidgets/.lake/build/lib/lean:/home/poig/project/self-research/Quantum_AI/QLTO/Math_proof/BQP_NP_Lean/.lake/packages/importGraph/.lake/build/lib/lean:/home/poig/project/self-research/Quantum_AI/QLTO/Math_proof/BQP_NP_Lean/.lake/packages/LeanSearchClient/.lake/build/lib/lean:/home/poig/project/self-research/Quantum_AI/QLTO/Math_proof/BQP_NP_Lean/.lake/packages/plausible/.lake/build/lib/lean:/home/poig/project/self-research/Quantum_AI/QLTO/Math_proof/BQP_NP_Lean/.lake/packages/mathlib/.lake/build/lib/lean:/home/poig/project/self-research/Quantum_AI/QLTO/Math_proof/BQP_NP_Lean/.lake/build/lib/lean /home/poig/.elan/toolchains/leanprover--lean4---v4.27.0-rc1/bin/lean /home/poig/project/self-research/Quantum_AI/QLTO/Math_proof/BQP_NP_Lean/BQP_NP/Year1/SpectralGap.lean -o /home/poig/project/self-research/Quantum_AI/QLTO/Math_proof/BQP_NP_Lean/.lake/build/lib/lean/BQP_NP/Year1/SpectralGap.olean -i /home/poig/project/self-research/Quantum_AI/QLTO/Math_proof/BQP_NP_Lean/.lake/build/lib/lean/BQP_NP/Year1/SpectralGap.ilean -c /home/poig/project/self-research/Quantum_AI/QLTO/Math_proof/BQP_NP_Lean/.lake/build/ir/BQP_NP/Year1/SpectralGap.c --setup /home/poig/project/self-research/Quantum_AI/QLTO/Math_proof/BQP_NP_Lean/.lake/build/ir/BQP_NP/Year1/SpectralGap.setup.json --json",
   "level": "trace"}],
 "inputs":
 [["BQP_NP.Year1.SpectralGap:deps",
   [["deps",
     [["bqp_np/BQP_NP:extraDep", [["@bqp_np:extraDep", "00000000000006bb"]]],
      ["imports",
       [["BQP_NP.Basic.LieAlgebra transitive imports (legacy)",
         "80b4e35263e48d84"],
        ["BQP_NP.Basic.LieAlgebra:importAllArts", "e2005b5556dcd204"],
        ["Mathlib.Analysis.SpecialFunctions.Exp transitive imports (legacy)",
         "6729d64e95718ccb"],
        ["Mathlib.Analysis.SpecialFunctions.Exp:importAllArts",
         "6f178154c804f04e"]]]]],
    ["libs",
     [["import dynlibs", "00000000000006bb"],
      ["package external libraries", "00000000000006bb"],
      ["module dynlibs", "00000000000006bb"],
      ["module plugins", "00000000000006bb"]]]]],
  ["Lean 4.27.0, commit 2fcce7258eeb6e324366bc25f9058293b04b7547",
   "6f43b597efea5d4c"],
  ["/home/poig/project/self-research/Quantum_AI/QLTO/Math_proof/BQP_NP_Lean/BQP_NP/Year1/SpectralGap.lean",
   "89d9e839c295671b"],
  ["options", "00000000000006bb"],
  ["Module.leanArgs: #[]", "00000000000006bb"]],
 "depHash": "9206433dcf556810"}