{"synthetic": false,
 "schemaVersion": "2025-09-10",
 "outputs":
 {"o": ["e48ab12578f58413.olean"],
  "i": "27fc81d931e0f623.ilean",
  "c": "ca8f72ae83ece8e8.c"},
 "log":
 [{"message":
   ".> LEAN_PATH=/home/poig/project/self-research/Quantum_AI/QLTO/Math_proof/BQP_NP_Lean/.lake/packages/Cli/.lake/build/lib/lean:/home/poig/project/self-research/Quantum_AI/QLTO/Math_proof/BQP_NP_Lean/.lake/packages/batteries/.lake/build/lib/lean:/home/poig/project/self-research/Quantum_AI/QLTO/Math_proof/BQP_NP_Lean/.lake/packages/Qq/.lake/build/lib/lean:/home/poig/project/self-research/Quantum_AI/QLTO/Math_proof/BQP_NP_Lean/.lake/packages/aesop/.lake/build/lib/lean:/home/poig/project/self-research/Quantum_AI/QLTO/Math_proof/BQP_NP_Lean/.lake/packages/proofwidgets/.lake/build/lib/lean:/home/poig/project/self-research/Quantum_AI/QLTO/Math_proof/BQP_NP_Lean/.lake/packages/importGraph/.lake/build/lib/lean:/home/poig/project/self-research/Quantum_AI/QLTO/Math_proof/BQP_NP_Lean/.lake/packages/LeanSearchClient/.lake/build/lib/lean:/home/poig/project/self-research/Quantum_AI/QLTO/Math_proof/BQP_NP_Lean/.lake/packages/plausible/.lake/build/lib/lean:/home/poig/project/self-research/Quantum_AI/QLTO/Math_proof/BQP_NP_Lean/.lake/packages/mathlib/.lake/build/lib/lean:/home/poig/project/self-research/Quantum_AI/QLTO/Math_proof/BQP_NP_Lean/.lake/build/lib/lean /home/poig/.elan/toolchains/leanprover--lean4---v4.27.0-rc1/bin/lean /home/poig/project/self-research/Quantum_AI/QLTO/Math_proof/BQP_NP_Lean/BQP_NP/MainTheorem/BQP_ne_NP.lean -o /home/poig/project/self-research/Quantum_AI/QLTO/Math_proof/BQP_NP_Lean/.lake/build/lib/lean/BQP_NP/MainTheorem/BQP_ne_NP.olean -i /home/poig/project/self-research/Quantum_AI/QLTO/Math_proof/BQP_NP_Lean/.lake/build/lib/lean/BQP_NP/MainTheorem/BQP_ne_NP.ilean -c /home/poig/project/self-research/Quantum_AI/QLTO/Math_proof/BQP_NP_Lean/.lake/build/ir/BQP_NP/MainTheorem/BQP_ne_NP.c --setup /home/poig/project/self-research/Quantum_AI/QLTO/Math_proof/BQP_NP_Lean/.lake/build/ir/BQP_NP/MainTheorem/BQP_ne_NP.setup.json --json",
   "level": "trace"},
  {"message":
   "BQP_NP/MainTheorem/BQP_ne_NP.lean:78:8: declaration uses 'sorry'",
   "level": "warning"}],
 "inputs":
 [["BQP_NP.MainTheorem.BQP_ne_NP:deps",
   [["deps",
     [["bqp_np/BQP_NP:extraDep", [["@bqp_np:extraDep", "00000000000006bb"]]],
      ["imports",
       [["BQP_NP.Year1.SpectralGap transitive imports (legacy)",
         "73e64d568d8970f9"],
        ["BQP_NP.Year1.SpectralGap:importAllArts", "a3d963515bd98cc9"],
        ["BQP_NP.Year1.CurvatureExplosion transitive imports (legacy)",
         "d4523448c0bfdc35"],
        ["BQP_NP.Year1.CurvatureExplosion:importAllArts", "803b8f551dc03120"],
        ["BQP_NP.Year2.Localization transitive imports (legacy)",
         "ab001f6d641a48a6"],
        ["BQP_NP.Year2.Localization:importAllArts", "191ec36bb5b86ae4"],
        ["BQP_NP.Year2.SpectralBridge transitive imports (legacy)",
         "d5e4b1218470e954"],
        ["BQP_NP.Year2.SpectralBridge:importAllArts", "369c046736014a71"],
        ["BQP_NP.Year3.Reduction transitive imports (legacy)",
         "cfba2447b3597993"],
        ["BQP_NP.Year3.Reduction:importAllArts", "92b6d068b8f44a2b"],
        ["BQP_NP.Year4.ComplexityGeometry transitive imports (legacy)",
         "0ce9b56f786b52bd"],
        ["BQP_NP.Year4.ComplexityGeometry:importAllArts", "ef5238b529f90e7b"],
        ["BQP_NP.Lemmas.CommutatorAvalanche transitive imports (legacy)",
         "300fc79eca16221b"],
        ["BQP_NP.Lemmas.CommutatorAvalanche:importAllArts",
         "41b71f3addda6061"]]]]],
    ["libs",
     [["import dynlibs", "00000000000006bb"],
      ["package external libraries", "00000000000006bb"],
      ["module dynlibs", "00000000000006bb"],
      ["module plugins", "00000000000006bb"]]]]],
  ["Lean 4.27.0, commit 2fcce7258eeb6e324366bc25f9058293b04b7547",
   "6f43b597efea5d4c"],
  ["/home/poig/project/self-research/Quantum_AI/QLTO/Math_proof/BQP_NP_Lean/BQP_NP/MainTheorem/BQP_ne_NP.lean",
   "eb4768aee6b3a43e"],
  ["options", "00000000000006bb"],
  ["Module.leanArgs: #[]", "00000000000006bb"]],
 "depHash": "b630dae8f63d51c8"}